#-----------------------------------------------------------
# Vivado v2017.4 (64-bit)
# SW Build 2086221 on Fri Dec 15 20:55:39 MST 2017
# IP Build 2085800 on Fri Dec 15 22:25:07 MST 2017
# Start of session at: Wed Sep  4 14:22:24 2024
# Process ID: 17128
# Current directory: C:/Users/swath/alu_bit8
# Command line: vivado.exe -gui_launcher_event rodinguilauncherevent25056 C:\Users\swath\alu_bit8\alu_bit8.xpr
# Log file: C:/Users/swath/alu_bit8/vivado.log
# Journal file: C:/Users/swath/alu_bit8\vivado.jou
#-----------------------------------------------------------
start_gui
open_project C:/Users/swath/alu_bit8/alu_bit8.xpr
Scanning sources...
Finished scanning sources
INFO: [IP_Flow 19-234] Refreshing IP repositories
INFO: [IP_Flow 19-1704] No user IP repositories specified
INFO: [IP_Flow 19-2313] Loaded Vivado IP repository 'C:/Xilinx/Vivado/2017.4/data/ip'.
open_project: Time (s): cpu = 00:00:05 ; elapsed = 00:00:06 . Memory (MB): peak = 842.191 ; gain = 101.387
update_compile_order -fileset sources_1
exit
INFO: [Common 17-206] Exiting Vivado at Wed Sep  4 14:24:18 2024...
