
*** Running vivado
    with args -log binary_to_bcd.vds -m64 -product Vivado -mode batch -messageDb vivado.pb -notrace -source binary_to_bcd.tcl


****** Vivado v2017.4 (64-bit)
  **** SW Build 2086221 on Fri Dec 15 20:55:39 MST 2017
  **** IP Build 2085800 on Fri Dec 15 22:25:07 MST 2017
    ** Copyright 1986-2017 Xilinx, Inc. All Rights Reserved.

source binary_to_bcd.tcl -notrace
Command: synth_design -top binary_to_bcd -part xc7s50csga324-1
Starting synth_design
Attempting to get a license for feature 'Synthesis' and/or device 'xc7s50'
INFO: [Common 17-349] Got license for feature 'Synthesis' and/or device 'xc7s50'
INFO: Launching helper process for spawning children vivado processes
INFO: Helper process launched with PID 19204 
---------------------------------------------------------------------------------
Starting Synthesize : Time (s): cpu = 00:00:03 ; elapsed = 00:00:04 . Memory (MB): peak = 387.477 ; gain = 97.992
---------------------------------------------------------------------------------
INFO: [Synth 8-638] synthesizing module 'binary_to_bcd' [C:/Users/swath/binary_to_bcd/binary_to_bcd.srcs/sources_1/new/binary_to_bcd.v:23]
INFO: [Synth 8-256] done synthesizing module 'binary_to_bcd' (1#1) [C:/Users/swath/binary_to_bcd/binary_to_bcd.srcs/sources_1/new/binary_to_bcd.v:23]
---------------------------------------------------------------------------------
Finished Synthesize : Time (s): cpu = 00:00:04 ; elapsed = 00:00:05 . Memory (MB): peak = 439.266 ; gain = 149.781
---------------------------------------------------------------------------------
---------------------------------------------------------------------------------
Finished Constraint Validation : Time (s): cpu = 00:00:04 ; elapsed = 00:00:05 . Memory (MB): peak = 439.266 ; gain = 149.781
---------------------------------------------------------------------------------
---------------------------------------------------------------------------------
Start Loading Part and Timing Information
---------------------------------------------------------------------------------
Loading part: xc7s50csga324-1
INFO: [Device 21-403] Loading part xc7s50csga324-1
---------------------------------------------------------------------------------
Finished Loading Part and Timing Information : Time (s): cpu = 00:00:04 ; elapsed = 00:00:05 . Memory (MB): peak = 439.266 ; gain = 149.781
---------------------------------------------------------------------------------
INFO: [Synth 8-5544] ROM "h_b" won't be mapped to Block RAM because address size (4) smaller than threshold (5)
WARNING: [Synth 8-6014] Unused sequential element i_reg was removed.  [C:/Users/swath/binary_to_bcd/binary_to_bcd.srcs/sources_1/new/binary_to_bcd.v:33]
---------------------------------------------------------------------------------
Finished RTL Optimization Phase 2 : Time (s): cpu = 00:00:04 ; elapsed = 00:00:05 . Memory (MB): peak = 439.266 ; gain = 149.781
---------------------------------------------------------------------------------

Report RTL Partitions: 
+-+--------------+------------+----------+
| |RTL Partition |Replication |Instances |
+-+--------------+------------+----------+
+-+--------------+------------+----------+
No constraint files found.
---------------------------------------------------------------------------------
Start RTL Component Statistics 
---------------------------------------------------------------------------------
Detailed RTL Component Info : 
+---Adders : 
	   3 Input      4 Bit       Adders := 1     
	   2 Input      4 Bit       Adders := 5     
+---Registers : 
	               21 Bit    Registers := 1     
	                9 Bit    Registers := 1     
	                4 Bit    Registers := 7     
+---Muxes : 
	   2 Input     21 Bit        Muxes := 2     
	   2 Input      4 Bit        Muxes := 14    
	   2 Input      1 Bit        Muxes := 1     
---------------------------------------------------------------------------------
Finished RTL Component Statistics 
---------------------------------------------------------------------------------
---------------------------------------------------------------------------------
Start RTL Hierarchical Component Statistics 
---------------------------------------------------------------------------------
Hierarchical RTL Component report 
Module binary_to_bcd 
Detailed RTL Component Info : 
+---Adders : 
	   3 Input      4 Bit       Adders := 1     
	   2 Input      4 Bit       Adders := 5     
+---Registers : 
	               21 Bit    Registers := 1     
	                9 Bit    Registers := 1     
	                4 Bit    Registers := 7     
+---Muxes : 
	   2 Input     21 Bit        Muxes := 2     
	   2 Input      4 Bit        Muxes := 14    
	   2 Input      1 Bit        Muxes := 1     
---------------------------------------------------------------------------------
Finished RTL Hierarchical Component Statistics
---------------------------------------------------------------------------------
---------------------------------------------------------------------------------
Start Part Resource Summary
---------------------------------------------------------------------------------
Part Resources:
DSPs: 120 (col length:60)
BRAMs: 150 (col length: RAMB18 60 RAMB36 30)
---------------------------------------------------------------------------------
Finished Part Resource Summary
---------------------------------------------------------------------------------
No constraint files found.
---------------------------------------------------------------------------------
Start Cross Boundary and Area Optimization
---------------------------------------------------------------------------------
WARNING: [Synth 8-6014] Unused sequential element i_reg was removed.  [C:/Users/swath/binary_to_bcd/binary_to_bcd.srcs/sources_1/new/binary_to_bcd.v:33]
WARNING: [Synth 8-3332] Sequential element (s_reg[20]) is unused and will be removed from module binary_to_bcd.
WARNING: [Synth 8-3332] Sequential element (s_reg[19]) is unused and will be removed from module binary_to_bcd.
WARNING: [Synth 8-3332] Sequential element (s_reg[18]) is unused and will be removed from module binary_to_bcd.
WARNING: [Synth 8-3332] Sequential element (s_reg[17]) is unused and will be removed from module binary_to_bcd.
WARNING: [Synth 8-3332] Sequential element (s_reg[16]) is unused and will be removed from module binary_to_bcd.
WARNING: [Synth 8-3332] Sequential element (s_reg[15]) is unused and will be removed from module binary_to_bcd.
WARNING: [Synth 8-3332] Sequential element (s_reg[14]) is unused and will be removed from module binary_to_bcd.
WARNING: [Synth 8-3332] Sequential element (s_reg[13]) is unused and will be removed from module binary_to_bcd.
WARNING: [Synth 8-3332] Sequential element (s_reg[12]) is unused and will be removed from module binary_to_bcd.
WARNING: [Synth 8-3332] Sequential element (s_reg[11]) is unused and will be removed from module binary_to_bcd.
WARNING: [Synth 8-3332] Sequential element (s_reg[10]) is unused and will be removed from module binary_to_bcd.
WARNING: [Synth 8-3332] Sequential element (s_reg[9]) is unused and will be removed from module binary_to_bcd.
---------------------------------------------------------------------------------
Finished Cross Boundary and Area Optimization : Time (s): cpu = 00:00:06 ; elapsed = 00:00:08 . Memory (MB): peak = 575.367 ; gain = 285.883
---------------------------------------------------------------------------------

Report RTL Partitions: 
+-+--------------+------------+----------+
| |RTL Partition |Replication |Instances |
+-+--------------+------------+----------+
+-+--------------+------------+----------+
No constraint files found.
---------------------------------------------------------------------------------
Start Timing Optimization
---------------------------------------------------------------------------------
---------------------------------------------------------------------------------
Finished Timing Optimization : Time (s): cpu = 00:00:06 ; elapsed = 00:00:08 . Memory (MB): peak = 575.367 ; gain = 285.883
---------------------------------------------------------------------------------

Report RTL Partitions: 
+-+--------------+------------+----------+
| |RTL Partition |Replication |Instances |
+-+--------------+------------+----------+
+-+--------------+------------+----------+
---------------------------------------------------------------------------------
Start Technology Mapping
---------------------------------------------------------------------------------
---------------------------------------------------------------------------------
Finished Technology Mapping : Time (s): cpu = 00:00:06 ; elapsed = 00:00:08 . Memory (MB): peak = 576.594 ; gain = 287.109
---------------------------------------------------------------------------------

Report RTL Partitions: 
+-+--------------+------------+----------+
| |RTL Partition |Replication |Instances |
+-+--------------+------------+----------+
+-+--------------+------------+----------+
---------------------------------------------------------------------------------
Start IO Insertion
---------------------------------------------------------------------------------
---------------------------------------------------------------------------------
Start Flattening Before IO Insertion
---------------------------------------------------------------------------------
---------------------------------------------------------------------------------
Finished Flattening Before IO Insertion
---------------------------------------------------------------------------------
---------------------------------------------------------------------------------
Start Final Netlist Cleanup
---------------------------------------------------------------------------------
---------------------------------------------------------------------------------
Finished Final Netlist Cleanup
---------------------------------------------------------------------------------
---------------------------------------------------------------------------------
Finished IO Insertion : Time (s): cpu = 00:00:06 ; elapsed = 00:00:09 . Memory (MB): peak = 576.594 ; gain = 287.109
---------------------------------------------------------------------------------

Report Check Netlist: 
+------+------------------+-------+---------+-------+------------------+
|      |Item              |Errors |Warnings |Status |Description       |
+------+------------------+-------+---------+-------+------------------+
|1     |multi_driven_nets |      0|        0|Passed |Multi driven nets |
+------+------------------+-------+---------+-------+------------------+
---------------------------------------------------------------------------------
Start Renaming Generated Instances
---------------------------------------------------------------------------------
---------------------------------------------------------------------------------
Finished Renaming Generated Instances : Time (s): cpu = 00:00:06 ; elapsed = 00:00:09 . Memory (MB): peak = 576.594 ; gain = 287.109
---------------------------------------------------------------------------------

Report RTL Partitions: 
+-+--------------+------------+----------+
| |RTL Partition |Replication |Instances |
+-+--------------+------------+----------+
+-+--------------+------------+----------+
---------------------------------------------------------------------------------
Start Rebuilding User Hierarchy
---------------------------------------------------------------------------------
---------------------------------------------------------------------------------
Finished Rebuilding User Hierarchy : Time (s): cpu = 00:00:06 ; elapsed = 00:00:09 . Memory (MB): peak = 576.594 ; gain = 287.109
---------------------------------------------------------------------------------
---------------------------------------------------------------------------------
Start Renaming Generated Ports
---------------------------------------------------------------------------------
---------------------------------------------------------------------------------
Finished Renaming Generated Ports : Time (s): cpu = 00:00:06 ; elapsed = 00:00:09 . Memory (MB): peak = 576.594 ; gain = 287.109
---------------------------------------------------------------------------------
---------------------------------------------------------------------------------
Start Handling Custom Attributes
---------------------------------------------------------------------------------
---------------------------------------------------------------------------------
Finished Handling Custom Attributes : Time (s): cpu = 00:00:06 ; elapsed = 00:00:09 . Memory (MB): peak = 576.594 ; gain = 287.109
---------------------------------------------------------------------------------
---------------------------------------------------------------------------------
Start Renaming Generated Nets
---------------------------------------------------------------------------------
---------------------------------------------------------------------------------
Finished Renaming Generated Nets : Time (s): cpu = 00:00:06 ; elapsed = 00:00:09 . Memory (MB): peak = 576.594 ; gain = 287.109
---------------------------------------------------------------------------------
---------------------------------------------------------------------------------
Start Writing Synthesis Report
---------------------------------------------------------------------------------

Report BlackBoxes: 
+-+--------------+----------+
| |BlackBox name |Instances |
+-+--------------+----------+
+-+--------------+----------+

Report Cell Usage: 
+------+-------+------+
|      |Cell   |Count |
+------+-------+------+
|1     |BUFG   |     1|
|2     |CARRY4 |     1|
|3     |LUT3   |     1|
|4     |LUT4   |    10|
|5     |LUT5   |     9|
|6     |LUT6   |    21|
|7     |FDRE   |    46|
|8     |IBUF   |    10|
|9     |OBUF   |    12|
+------+-------+------+

Report Instance Areas: 
+------+---------+-------+------+
|      |Instance |Module |Cells |
+------+---------+-------+------+
|1     |top      |       |   111|
+------+---------+-------+------+
---------------------------------------------------------------------------------
Finished Writing Synthesis Report : Time (s): cpu = 00:00:06 ; elapsed = 00:00:09 . Memory (MB): peak = 576.594 ; gain = 287.109
---------------------------------------------------------------------------------
Synthesis finished with 0 errors, 0 critical warnings and 14 warnings.
Synthesis Optimization Runtime : Time (s): cpu = 00:00:06 ; elapsed = 00:00:09 . Memory (MB): peak = 576.594 ; gain = 287.109
Synthesis Optimization Complete : Time (s): cpu = 00:00:06 ; elapsed = 00:00:09 . Memory (MB): peak = 576.594 ; gain = 287.109
INFO: [Project 1-571] Translating synthesized netlist
INFO: [Netlist 29-17] Analyzing 11 Unisim elements for replacement
INFO: [Netlist 29-28] Unisim Transformation completed in 0 CPU seconds
INFO: [Project 1-570] Preparing netlist for logic optimization
INFO: [Opt 31-138] Pushed 0 inverter(s) to 0 load pin(s).
INFO: [Project 1-111] Unisim Transformation Summary:
No Unisim elements were transformed.

INFO: [Common 17-83] Releasing license: Synthesis
12 Infos, 14 Warnings, 0 Critical Warnings and 0 Errors encountered.
synth_design completed successfully
synth_design: Time (s): cpu = 00:00:08 ; elapsed = 00:00:13 . Memory (MB): peak = 671.363 ; gain = 394.676
INFO: [Common 17-1381] The checkpoint 'C:/Users/swath/binary_to_bcd/binary_to_bcd.runs/synth_1/binary_to_bcd.dcp' has been generated.
INFO: [runtcl-4] Executing : report_utilization -file binary_to_bcd_utilization_synth.rpt -pb binary_to_bcd_utilization_synth.pb
report_utilization: Time (s): cpu = 00:00:00 ; elapsed = 00:00:00.032 . Memory (MB): peak = 671.363 ; gain = 0.000
INFO: [Common 17-206] Exiting Vivado at Thu Nov  2 14:36:04 2023...
